Running: E:\Xilinx\14.7\ISE_DS\ISE\bin\nt64\unwrapped\fuse.exe -intstyle ise -incremental -lib unisims_ver -lib unimacro_ver -lib xilinxcorelib_ver -lib secureip -o E:/logic/NeverGiveUp/main_isim_beh.exe -prj E:/logic/NeverGiveUp/main_beh.prj work.main work.glbl 
ISim P.20131013 (signature 0x7708f090)
Number of CPUs detected in this system: 4
Turning on mult-threading, number of parallel sub-compilation jobs: 8 
Determining compilation order of HDL files
Analyzing Verilog file "E:/logic/NeverGiveUp/vga.v" into library work
Analyzing Verilog file "E:/logic/NeverGiveUp/change_speed.v" into library work
Analyzing Verilog file "E:/logic/NeverGiveUp/bounce.v" into library work
Analyzing Verilog file "E:/logic/NeverGiveUp/barrier.v" into library work
Analyzing Verilog file "E:/logic/NeverGiveUp/AntiJitter.v" into library work
Analyzing Verilog file "E:/logic/NeverGiveUp/main.v" into library work
Analyzing Verilog file "E:/Xilinx/14.7/ISE_DS/ISE//verilog/src/glbl.v" into library work
Starting static elaboration
WARNING:HDLCompiler:1016 - "E:/logic/NeverGiveUp/main.v" Line 62: Port rdn is not connected to this instance
Completed static elaboration
Compiling module AntiJitter(WIDTH=4)
Compiling module vga
Compiling module bounce
Compiling module change_speed
Compiling module barrier
Compiling module main
Compiling module glbl
Time Resolution for simulation is 1ps.
Waiting for 1 sub-compilation(s) to finish...
WARNING:Simulator - Unable to copy libPortabilityNOSH.dll to the simulation executable directory: boost::filesystem::copy_file: 系统找不到指定的路径。, "isim\main_isim_beh.exe.sim\libPortability.dll".
Compiled 7 Verilog Units
Built simulation executable E:/logic/NeverGiveUp/main_isim_beh.exe
Fuse Memory Usage: 29688 KB
Fuse CPU Usage: 608 ms
